yarn run v1.22.22
$ craco build
Creating an optimized production build...
Compiled with warnings.

Failed to parse source map from '/app/frontend/node_modules/@mediapipe/tasks-vision/vision_bundle_mjs.js.map' file: Error: ENOENT: no such file or directory, open '/app/frontend/node_modules/@mediapipe/tasks-vision/vision_bundle_mjs.js.map'

Search for the keywords to learn more about each warning.
To ignore, add // eslint-disable-next-line to the line before.

File sizes after gzip:

  249.31 kB  build/static/js/12.e585abf1.chunk.js
  209.56 kB  build/static/js/main.91e95ee1.js
  18.36 kB   build/static/css/main.9eea52e6.css
  2.29 kB    build/static/js/46.7f98a982.chunk.js
  2.06 kB    build/static/js/998.8612828c.chunk.js
  1.44 kB    build/static/js/943.0b505b73.chunk.js

The project was built assuming it is hosted at /.
You can control this with the homepage field in your package.json.

The build folder is ready to be deployed.
You may serve it with a static server:

  yarn global add serve
  serve -s build

Find out more about deployment here:

  https://cra.link/deployment

Done in 31.79s.
